# JRE version: Java(TM) SE Runtime Environment (21.0.8+12) (build 21.0.8+12-LTS-250)
# Java VM: Java HotSpot(TM) 64-Bit Server VM (21.0.8+12-LTS-250, mixed mode, emulated-client, sharing, tiered, compressed oops, compressed class ptrs, g1 gc, windows-amd64)
GC Precious Log:
 CardTable entry size: 512
 Card Set container configuration: InlinePtr #cards 5 size 8 Array Of Cards #cards 12 size 40 Howl #buckets 4 coarsen threshold 1843 Howl Bitmap #cards 512 size 80 coarsen threshold 460 Card regions per heap region 1 cards per card region 2048
 CPUs: 8 total, 8 available
 Memory: 3976M
 Large Page Support: Disabled
 NUMA Support: Disabled
 Compressed Oops: Enabled (32-bit)
 Heap Region Size: 1M
 Heap Min Capacity: 8M
 Heap Initial Capacity: 64M
 Heap Max Capacity: 996M
 Pre-touch: Disabled
 Parallel Workers: 8
 Concurrent Workers: 2
 Concurrent Refinement Workers: 8
 Periodic GC: Disabled
Heap:
 garbage-first heap   total 61440K, used 29601K [0x00000000c1c00000, 0x0000000100000000)
  region size 1024K, 6 young (6144K), 3 survivors (3072K)
 Metaspace       used 49400K, committed 50048K, reserved 1114112K
  class space    used 6861K, committed 7168K, reserved 1048576K
GC Heap History (20 events):
Event: 5.174 GC heap before
{Heap before GC invocations=0 (full 0):
 garbage-first heap   total 65536K, used 22528K [0x00000000c1c00000, 0x0000000100000000)
  region size 1024K, 23 young (23552K), 0 survivors (0K)
 Metaspace       used 7270K, committed 7552K, reserved 1114112K
  class space    used 888K, committed 1024K, reserved 1048576K
}
Event: 5.213 GC heap after
{Heap after GC invocations=1 (full 0):
 garbage-first heap   total 65536K, used 7168K [0x00000000c1c00000, 0x0000000100000000)
  region size 1024K, 3 young (3072K), 3 survivors (3072K)
 Metaspace       used 7270K, committed 7552K, reserved 1114112K
  class space    used 888K, committed 1024K, reserved 1048576K
}
Event: 6.529 GC heap before
{Heap before GC invocations=1 (full 0):
 garbage-first heap   total 65536K, used 31744K [0x00000000c1c00000, 0x0000000100000000)
  region size 1024K, 27 young (27648K), 3 survivors (3072K)
 Metaspace       used 12360K, committed 12800K, reserved 1114112K
  class space    used 1694K, committed 1920K, reserved 1048576K
}
Event: 6.572 GC heap after
{Heap after GC invocations=2 (full 0):
 garbage-first heap   total 65536K, used 10036K [0x00000000c1c00000, 0x0000000100000000)
  region size 1024K, 3 young (3072K), 3 survivors (3072K)
 Metaspace       used 12360K, committed 12800K, reserved 1114112K
  class space    used 1694K, committed 1920K, reserved 1048576K
}
Event: 7.795 GC heap before
{Heap before GC invocations=2 (full 0):
 garbage-first heap   total 65536K, used 39732K [0x00000000c1c00000, 0x0000000100000000)
  region size 1024K, 33 young (33792K), 3 survivors (3072K)
 Metaspace       used 18698K, committed 19136K, reserved 1114112K
  class space    used 2562K, committed 2752K, reserved 1048576K
}
Event: 7.819 GC heap after
{Heap after GC invocations=3 (full 0):
 garbage-first heap   total 65536K, used 12247K [0x00000000c1c00000, 0x0000000100000000)
  region size 1024K, 5 young (5120K), 5 survivors (5120K)
 Metaspace       used 18698K, committed 19136K, reserved 1114112K
  class space    used 2562K, committed 2752K, reserved 1048576K
}
Event: 8.295 GC heap before
{Heap before GC invocations=3 (full 0):
 garbage-first heap   total 65536K, used 22487K [0x00000000c1c00000, 0x0000000100000000)
  region size 1024K, 17 young (17408K), 5 survivors (5120K)
 Metaspace       used 21091K, committed 21504K, reserved 1114112K
  class space    used 2803K, committed 3008K, reserved 1048576K
}
Event: 8.304 GC heap after
{Heap after GC invocations=4 (full 0):
 garbage-first heap   total 65536K, used 13172K [0x00000000c1c00000, 0x0000000100000000)
  region size 1024K, 4 young (4096K), 4 survivors (4096K)
 Metaspace       used 21091K, committed 21504K, reserved 1114112K
  class space    used 2803K, committed 3008K, reserved 1048576K
}
Event: 9.407 GC heap before
{Heap before GC invocations=5 (full 0):
 garbage-first heap   total 51200K, used 38772K [0x00000000c1c00000, 0x0000000100000000)
  region size 1024K, 30 young (30720K), 4 survivors (4096K)
 Metaspace       used 24148K, committed 24640K, reserved 1114112K
  class space    used 3249K, committed 3456K, reserved 1048576K
}
Event: 9.416 GC heap after
{Heap after GC invocations=6 (full 0):
 garbage-first heap   total 51200K, used 15966K [0x00000000c1c00000, 0x0000000100000000)
  region size 1024K, 4 young (4096K), 4 survivors (4096K)
 Metaspace       used 24148K, committed 24640K, reserved 1114112K
  class space    used 3249K, committed 3456K, reserved 1048576K
}
Event: 10.485 GC heap before
{Heap before GC invocations=6 (full 0):
 garbage-first heap   total 51200K, used 38494K [0x00000000c1c00000, 0x0000000100000000)
  region size 1024K, 26 young (26624K), 4 survivors (4096K)
 Metaspace       used 27614K, committed 28096K, reserved 1114112K
  class space    used 3769K, committed 3968K, reserved 1048576K
}
Event: 10.497 GC heap after
{Heap after GC invocations=7 (full 0):
 garbage-first heap   total 51200K, used 16710K [0x00000000c1c00000, 0x0000000100000000)
  region size 1024K, 2 young (2048K), 2 survivors (2048K)
 Metaspace       used 27614K, committed 28096K, reserved 1114112K
  class space    used 3769K, committed 3968K, reserved 1048576K
}
Event: 26.055 GC heap before
{Heap before GC invocations=7 (full 0):
 garbage-first heap   total 51200K, used 41286K [0x00000000c1c00000, 0x0000000100000000)
  region size 1024K, 26 young (26624K), 2 survivors (2048K)
 Metaspace       used 31432K, committed 32000K, reserved 1114112K
  class space    used 4351K, committed 4608K, reserved 1048576K
}
Event: 26.080 GC heap after
{Heap after GC invocations=8 (full 0):
 garbage-first heap   total 61440K, used 18662K [0x00000000c1c00000, 0x0000000100000000)
  region size 1024K, 4 young (4096K), 4 survivors (4096K)
 Metaspace       used 31432K, committed 32000K, reserved 1114112K
  class space    used 4351K, committed 4608K, reserved 1048576K
}
Event: 27.249 GC heap before
{Heap before GC invocations=8 (full 0):
 garbage-first heap   total 61440K, used 45286K [0x00000000c1c00000, 0x0000000100000000)
  region size 1024K, 31 young (31744K), 4 survivors (4096K)
 Metaspace       used 35506K, committed 36096K, reserved 1114112K
  class space    used 4912K, committed 5184K, reserved 1048576K
}
Event: 27.261 GC heap after
{Heap after GC invocations=9 (full 0):
 garbage-first heap   total 61440K, used 21621K [0x00000000c1c00000, 0x0000000100000000)
  region size 1024K, 5 young (5120K), 5 survivors (5120K)
 Metaspace       used 35506K, committed 36096K, reserved 1114112K
  class space    used 4912K, committed 5184K, reserved 1048576K
}
Event: 32.101 GC heap before
{Heap before GC invocations=10 (full 0):
 garbage-first heap   total 61440K, used 50293K [0x00000000c1c00000, 0x0000000100000000)
  region size 1024K, 34 young (34816K), 5 survivors (5120K)
 Metaspace       used 43975K, committed 44608K, reserved 1114112K
  class space    used 6071K, committed 6336K, reserved 1048576K
}
Event: 32.113 GC heap after
{Heap after GC invocations=11 (full 0):
 garbage-first heap   total 61440K, used 25200K [0x00000000c1c00000, 0x0000000100000000)
  region size 1024K, 4 young (4096K), 4 survivors (4096K)
 Metaspace       used 43975K, committed 44608K, reserved 1114112K
  class space    used 6071K, committed 6336K, reserved 1048576K
}
Event: 36.181 GC heap before
{Heap before GC invocations=11 (full 0):
 garbage-first heap   total 61440K, used 50800K [0x00000000c1c00000, 0x0000000100000000)
  region size 1024K, 30 young (30720K), 4 survivors (4096K)
 Metaspace       used 48824K, committed 49536K, reserved 1114112K
  class space    used 6769K, committed 7104K, reserved 1048576K
}
Event: 36.188 GC heap after
{Heap after GC invocations=12 (full 0):
 garbage-first heap   total 61440K, used 27553K [0x00000000c1c00000, 0x0000000100000000)
  region size 1024K, 3 young (3072K), 3 survivors (3072K)
 Metaspace       used 48824K, committed 49536K, reserved 1114112K
  class space    used 6769K, committed 7104K, reserved 1048576K
}

